2025-04-27 19:19:11,666 [INFO] Using device: cpu for LPIPS calculation.
2025-04-27 19:19:12,118 [INFO] Found 52 matching images to process.
2025-04-27 19:19:16,623 [INFO] 0.png: PSNR=16.3955, SSIM=0.4918, LPIPS=0.8588
2025-04-27 19:19:20,628 [INFO] 1.png: PSNR=15.5652, SSIM=0.5122, LPIPS=0.6342
2025-04-27 19:19:24,398 [INFO] 10.png: PSNR=15.7877, SSIM=0.5982, LPIPS=0.5408
2025-04-27 19:19:28,097 [INFO] 11.png: PSNR=15.0862, SSIM=0.5568, LPIPS=0.6106
2025-04-27 19:19:31,310 [INFO] 12.png: PSNR=14.7016, SSIM=0.6122, LPIPS=0.6294
2025-04-27 19:19:34,819 [INFO] 13.png: PSNR=16.5808, SSIM=0.5252, LPIPS=0.6301
2025-04-27 19:19:38,086 [INFO] 2.png: PSNR=14.4107, SSIM=0.5030, LPIPS=0.6266
2025-04-27 19:19:41,431 [INFO] 21.png: PSNR=15.7652, SSIM=0.6271, LPIPS=0.7122
2025-04-27 19:19:44,673 [INFO] 22.png: PSNR=20.4231, SSIM=0.5966, LPIPS=0.7317
2025-04-27 19:19:47,989 [INFO] 23.png: PSNR=15.9044, SSIM=0.5941, LPIPS=0.6719
2025-04-27 19:19:51,177 [INFO] 24.png: PSNR=15.7476, SSIM=0.4681, LPIPS=0.6780
2025-04-27 19:19:54,799 [INFO] 25.png: PSNR=15.7984, SSIM=0.5531, LPIPS=0.6962
2025-04-27 19:19:58,252 [INFO] 26.png: PSNR=16.3199, SSIM=0.5616, LPIPS=0.6641
2025-04-27 19:20:01,462 [INFO] 27.png: PSNR=16.4735, SSIM=0.5572, LPIPS=0.7101
2025-04-27 19:20:04,662 [INFO] 28.png: PSNR=16.3238, SSIM=0.5317, LPIPS=0.6882
2025-04-27 19:20:08,238 [INFO] 29.png: PSNR=16.4790, SSIM=0.5722, LPIPS=0.6649
2025-04-27 19:20:11,778 [INFO] 3.png: PSNR=15.1242, SSIM=0.5171, LPIPS=0.5718
2025-04-27 19:20:14,962 [INFO] 30.png: PSNR=16.2756, SSIM=0.5829, LPIPS=0.7453
2025-04-27 19:20:18,446 [INFO] 31.png: PSNR=16.8043, SSIM=0.3429, LPIPS=0.5449
2025-04-27 19:20:21,942 [INFO] 32.png: PSNR=15.8908, SSIM=0.3675, LPIPS=0.5581
2025-04-27 19:20:25,528 [INFO] 33.png: PSNR=15.5065, SSIM=0.5740, LPIPS=0.6489
2025-04-27 19:20:28,960 [INFO] 34.png: PSNR=16.1731, SSIM=0.5408, LPIPS=0.6148
2025-04-27 19:20:32,409 [INFO] 35.png: PSNR=17.2390, SSIM=0.3848, LPIPS=0.5998
2025-04-27 19:20:35,986 [INFO] 36.png: PSNR=17.1830, SSIM=0.5305, LPIPS=0.7118
2025-04-27 19:20:39,453 [INFO] 37.png: PSNR=16.6039, SSIM=0.5338, LPIPS=0.6104
2025-04-27 19:20:42,521 [INFO] 38.png: PSNR=15.8413, SSIM=0.5472, LPIPS=0.5576
2025-04-27 19:20:46,095 [INFO] 39.png: PSNR=17.6826, SSIM=0.3078, LPIPS=0.6901
2025-04-27 19:20:49,237 [INFO] 4.png: PSNR=14.6455, SSIM=0.5522, LPIPS=0.6013
2025-04-27 19:20:52,767 [INFO] 40.png: PSNR=17.1995, SSIM=0.4354, LPIPS=0.9238
2025-04-27 19:20:56,259 [INFO] 41.png: PSNR=18.4188, SSIM=0.4369, LPIPS=0.7782
2025-04-27 19:20:59,759 [INFO] 42.png: PSNR=16.8722, SSIM=0.4758, LPIPS=0.7831
2025-04-27 19:21:03,310 [INFO] 43.png: PSNR=17.4334, SSIM=0.3778, LPIPS=0.6456
2025-04-27 19:21:06,847 [INFO] 44.png: PSNR=16.4379, SSIM=0.4881, LPIPS=0.7901
2025-04-27 19:21:10,399 [INFO] 45.png: PSNR=19.9683, SSIM=0.4900, LPIPS=0.8095
2025-04-27 19:21:13,877 [INFO] 46.png: PSNR=18.5283, SSIM=0.3951, LPIPS=0.5523
2025-04-27 19:21:17,256 [INFO] 47.png: PSNR=17.6514, SSIM=0.4149, LPIPS=0.5888
2025-04-27 19:21:20,788 [INFO] 48.png: PSNR=18.4537, SSIM=0.4733, LPIPS=0.6008
2025-04-27 19:21:23,998 [INFO] 49.png: PSNR=16.6085, SSIM=0.5575, LPIPS=0.6496
2025-04-27 19:21:27,388 [INFO] 5.png: PSNR=14.9756, SSIM=0.5493, LPIPS=0.6071
2025-04-27 19:21:31,085 [INFO] 50.png: PSNR=17.5928, SSIM=0.4214, LPIPS=0.5936
2025-04-27 19:21:34,341 [INFO] 51.png: PSNR=16.8705, SSIM=0.3960, LPIPS=0.5572
2025-04-27 19:21:38,025 [INFO] 52.png: PSNR=15.7790, SSIM=0.5368, LPIPS=0.5494
2025-04-27 19:21:41,172 [INFO] 53.png: PSNR=16.4987, SSIM=0.3705, LPIPS=0.5323
2025-04-27 19:21:44,422 [INFO] 54.png: PSNR=16.6235, SSIM=0.5405, LPIPS=0.6551
2025-04-27 19:21:47,664 [INFO] 55.png: PSNR=16.4196, SSIM=0.3899, LPIPS=0.6812
2025-04-27 19:21:51,341 [INFO] 56.png: PSNR=15.8010, SSIM=0.5045, LPIPS=0.4424
2025-04-27 19:21:55,323 [INFO] 57.png: PSNR=16.9369, SSIM=0.4050, LPIPS=0.4512
2025-04-27 19:21:58,753 [INFO] 58.png: PSNR=15.5242, SSIM=0.5858, LPIPS=0.7135
2025-04-27 19:22:02,668 [INFO] 6.png: PSNR=15.1440, SSIM=0.4820, LPIPS=0.5947
2025-04-27 19:22:06,498 [INFO] 7.png: PSNR=14.6637, SSIM=0.5327, LPIPS=0.5804
2025-04-27 19:22:10,111 [INFO] 8.png: PSNR=14.9351, SSIM=0.5577, LPIPS=0.4912
2025-04-27 19:22:13,753 [INFO] 9.png: PSNR=15.3669, SSIM=0.4669, LPIPS=0.5219
2025-04-27 19:22:13,753 [INFO] 
--- Average Metrics (52 images) ---
2025-04-27 19:22:13,753 [INFO] Average PSNR: 16.4122
2025-04-27 19:22:13,753 [INFO] Average SSIM: 0.4986 (52 images)
2025-04-27 19:22:13,753 [INFO] Average LPIPS: 0.6403 (52 images)
2025-04-27 19:22:13,753 [INFO] Metrics log saved to: combined_colie_enhanced.log
